  Textures.cpp
  Shader.cpp
  Mesh.cpp
  main.cpp
  Geo.cpp
c:\users\s178071\documents\visual studio 2015\projects\rendering_geometry\rendering_geometry\geo.cpp(35): warning C4244: 'initializing': conversion from 'double' to 'float', possible loss of data
c:\users\s178071\documents\visual studio 2015\projects\rendering_geometry\rendering_geometry\geo.cpp(39): warning C4244: 'argument': conversion from 'float' to 'unsigned int', possible loss of data
c:\users\s178071\documents\visual studio 2015\projects\rendering_geometry\rendering_geometry\geo.cpp(40): warning C4244: 'argument': conversion from 'float' to 'unsigned int', possible loss of data
c:\users\s178071\documents\visual studio 2015\projects\rendering_geometry\rendering_geometry\geo.cpp(41): warning C4244: 'argument': conversion from 'float' to 'unsigned int', possible loss of data
c:\users\s178071\documents\visual studio 2015\projects\rendering_geometry\rendering_geometry\geo.cpp(42): warning C4244: 'argument': conversion from 'float' to 'unsigned int', possible loss of data
c:\users\s178071\documents\visual studio 2015\projects\rendering_geometry\rendering_geometry\geo.cpp(54): warning C4244: 'initializing': conversion from 'double' to 'float', possible loss of data
c:\users\s178071\documents\visual studio 2015\projects\rendering_geometry\rendering_geometry\geo.cpp(57): warning C4018: '<': signed/unsigned mismatch
c:\users\s178071\documents\visual studio 2015\projects\rendering_geometry\rendering_geometry\geo.cpp(81): warning C4018: '<': signed/unsigned mismatch
c:\users\s178071\documents\visual studio 2015\projects\rendering_geometry\rendering_geometry\geo.cpp(85): warning C4018: '<': signed/unsigned mismatch
c:\users\s178071\documents\visual studio 2015\projects\rendering_geometry\rendering_geometry\geo.cpp(73): warning C4101: 'vertex': unreferenced local variable
c:\users\s178071\documents\visual studio 2015\projects\rendering_geometry\rendering_geometry\geo.cpp(213): warning C4101: 'p': unreferenced local variable
  Generating Code...
  gl_core_4_4.c
LINK : warning LNK4098: defaultlib 'MSVCRT' conflicts with use of other libs; use /NODEFAULTLIB:library
bootstrap.lib(imgui.obj) : warning LNK4099: PDB 'bootstrap.pdb' was not found with 'bootstrap.lib(imgui.obj)' or at 'C:\Users\S178071\Documents\Visual Studio 2015\Projects\rendering_geometry\Debug\bootstrap.pdb'; linking object as if no debug info
bootstrap.lib(imgui_draw.obj) : warning LNK4099: PDB 'bootstrap.pdb' was not found with 'bootstrap.lib(imgui_draw.obj)' or at 'C:\Users\S178071\Documents\Visual Studio 2015\Projects\rendering_geometry\Debug\bootstrap.pdb'; linking object as if no debug info
bootstrap.lib(Application.obj) : warning LNK4099: PDB 'bootstrap.pdb' was not found with 'bootstrap.lib(Application.obj)' or at 'C:\Users\S178071\Documents\Visual Studio 2015\Projects\rendering_geometry\Debug\bootstrap.pdb'; linking object as if no debug info
bootstrap.lib(imgui_impl_glfw_gl3.obj) : warning LNK4099: PDB 'bootstrap.pdb' was not found with 'bootstrap.lib(imgui_impl_glfw_gl3.obj)' or at 'C:\Users\S178071\Documents\Visual Studio 2015\Projects\rendering_geometry\Debug\bootstrap.pdb'; linking object as if no debug info
  rendering_geometry.vcxproj -> C:\Users\S178071\Documents\Visual Studio 2015\Projects\rendering_geometry\Debug\rendering_geometry.exe
  rendering_geometry.vcxproj -> C:\Users\S178071\Documents\Visual Studio 2015\Projects\rendering_geometry\Debug\rendering_geometry.pdb (Partial PDB)
