  Camera.cpp
  FlyCamera.cpp
  Geo.cpp
Geo.cpp(41): warning C4244: 'initializing': conversion from 'double' to 'float', possible loss of data
Geo.cpp(45): warning C4244: 'argument': conversion from 'float' to 'unsigned int', possible loss of data
Geo.cpp(46): warning C4244: 'argument': conversion from 'float' to 'unsigned int', possible loss of data
Geo.cpp(47): warning C4244: 'argument': conversion from 'float' to 'unsigned int', possible loss of data
Geo.cpp(48): warning C4244: 'argument': conversion from 'float' to 'unsigned int', possible loss of data
Geo.cpp(60): warning C4244: 'initializing': conversion from 'double' to 'float', possible loss of data
Geo.cpp(63): warning C4018: '<': signed/unsigned mismatch
Geo.cpp(87): warning C4018: '<': signed/unsigned mismatch
Geo.cpp(91): warning C4018: '<': signed/unsigned mismatch
Geo.cpp(79): warning C4101: 'vertex': unreferenced local variable
Geo.cpp(126): warning C4101: 'end': unreferenced local variable
  main.cpp
  Mesh.cpp
  Shader.cpp
  Textures.cpp
Textures.cpp(46): warning C4244: 'argument': conversion from 'int' to 'float', possible loss of data
Textures.cpp(47): warning C4244: 'initializing': conversion from 'double' to 'float', possible loss of data
  gl_core_4_4.c
bootstrap.lib(Application.obj) : warning LNK4075: ignoring '/EDITANDCONTINUE' due to '/OPT:ICF' specification
LINK : warning LNK4098: defaultlib 'MSVCRTD' conflicts with use of other libs; use /NODEFAULTLIB:library
  Generating code
  All 667 functions were compiled because no usable IPDB/IOBJ from previous compilation was found.
  Finished generating code
  rendering_geometry.vcxproj -> C:\Users\S178071\Documents\Visual Studio 2015\Projects\rendering_geometry\Release\rendering_geometry.exe
  rendering_geometry.vcxproj -> C:\Users\S178071\Documents\Visual Studio 2015\Projects\rendering_geometry\Release\rendering_geometry.pdb (Full PDB)
